<?xml version="1.0" encoding="UTF-8"?>
<!-- Generated by org.testng.reporters.JUnitReportReporter -->
<testsuite hostname="TOC2LTEBEKHIT" failures="0" tests="3" name="tests.Validate_Packages" time="42.322" errors="0" timestamp="2023-10-21T13:03:47 AST" skipped="0">
  <testcase classname="tests.Validate_Packages" name="validate_Packages_KSA" time="29.900"/>
  <system-out/>
  <testcase classname="tests.Validate_Packages" name="validate_Packages_Kuwait" time="4.978"/>
  <system-out/>
  <testcase classname="tests.Validate_Packages" name="validate_Packages_Bahrain" time="7.444"/>
  <system-out/>
</testsuite> <!-- tests.Validate_Packages -->
